[INFO][main][2018-03-09 19:34:37][org.springframework.context.support.AbstractApplicationContext] - Refreshing org.springframework.context.support.ClassPathXmlApplicationContext@326de728: startup date [Fri Mar 09 19:34:37 CST 2018]; root of context hierarchy
  [INFO][main][2018-03-09 19:34:37][org.springframework.beans.factory.xml.XmlBeanDefinitionReader] - Loading XML bean definitions from class path resource [spring-mybatis.xml]
  [WARN][main][2018-03-09 19:34:37][org.mybatis.spring.mapper.ClassPathMapperScanner] - No MyBatis mapper was found in '[com.xxx.dao]' package. Please check your configuration.
  [WARN][main][2018-03-09 19:34:37][org.mybatis.spring.mapper.ClassPathMapperScanner] - No MyBatis mapper was found in '[com.spring_mybatis.mapper]' package. Please check your configuration.
  [WARN][main][2018-03-09 19:34:37][org.springframework.context.support.AbstractApplicationContext] - Exception encountered during context initialization - cancelling refresh attempt: org.springframework.beans.factory.BeanCreationException: Error creating bean with name 'sqlSessionFactory' defined in class path resource [spring-mybatis.xml]: Initialization of bean failed; nested exception is org.springframework.beans.TypeMismatchException: Failed to convert property value of type 'java.lang.String' to required type 'org.springframework.core.io.Resource[]' for property 'mapperLocations'; nested exception is java.lang.IllegalArgumentException: Could not resolve resource location pattern [classPath:com/xxx/mapper/*.xml]: class path resource [classPath:com/xxx/mapper/] cannot be resolved to URL because it does not exist
  [INFO][main][2018-03-09 19:43:40][org.springframework.context.support.AbstractApplicationContext] - Refreshing org.springframework.context.support.ClassPathXmlApplicationContext@25618e91: startup date [Fri Mar 09 19:43:40 CST 2018]; root of context hierarchy
  [INFO][main][2018-03-09 19:43:40][org.springframework.beans.factory.xml.XmlBeanDefinitionReader] - Loading XML bean definitions from class path resource [spring-mybatis.xml]
  [WARN][main][2018-03-09 19:43:40][org.mybatis.spring.mapper.ClassPathMapperScanner] - No MyBatis mapper was found in '[com.xxx.dao]' package. Please check your configuration.
  [WARN][main][2018-03-09 19:43:40][org.mybatis.spring.mapper.ClassPathMapperScanner] - No MyBatis mapper was found in '[com.spring_mybatis.mapper]' package. Please check your configuration.
  [WARN][main][2018-03-09 19:43:41][org.springframework.context.support.AbstractApplicationContext] - Exception encountered during context initialization - cancelling refresh attempt: org.springframework.beans.factory.BeanCreationException: Error creating bean with name 'sqlSessionFactory' defined in class path resource [spring-mybatis.xml]: Invocation of init method failed; nested exception is org.springframework.core.NestedIOException: Failed to parse config resource: class path resource [mybatis-config.xml]; nested exception is org.apache.ibatis.builder.BuilderException: Error parsing SQL Mapper Configuration. Cause: java.io.IOException: Could not find resource com.spring_mybatis.mapper.StudentMapper
  [INFO][main][2018-03-09 19:44:23][org.springframework.context.support.AbstractApplicationContext] - Refreshing org.springframework.context.support.ClassPathXmlApplicationContext@25618e91: startup date [Fri Mar 09 19:44:23 CST 2018]; root of context hierarchy
  [INFO][main][2018-03-09 19:44:23][org.springframework.beans.factory.xml.XmlBeanDefinitionReader] - Loading XML bean definitions from class path resource [spring-mybatis.xml]
  [WARN][main][2018-03-09 19:44:23][org.mybatis.spring.mapper.ClassPathMapperScanner] - No MyBatis mapper was found in '[com.xxx.dao]' package. Please check your configuration.
  [WARN][main][2018-03-09 19:44:23][org.mybatis.spring.mapper.ClassPathMapperScanner] - No MyBatis mapper was found in '[com.spring_mybatis.mapper]' package. Please check your configuration.
  [WARN][main][2018-03-09 19:44:23][org.springframework.context.support.AbstractApplicationContext] - Exception encountered during context initialization - cancelling refresh attempt: org.springframework.beans.factory.BeanCreationException: Error creating bean with name 'sqlSessionFactory' defined in class path resource [spring-mybatis.xml]: Invocation of init method failed; nested exception is org.springframework.core.NestedIOException: Failed to parse config resource: class path resource [mybatis-config.xml]; nested exception is org.apache.ibatis.builder.BuilderException: Error parsing SQL Mapper Configuration. Cause: java.io.IOException: Could not find resource com.ssmtest.mapper.StudentMapper
  [INFO][main][2018-03-09 19:45:38][org.springframework.context.support.AbstractApplicationContext] - Refreshing org.springframework.context.support.ClassPathXmlApplicationContext@25618e91: startup date [Fri Mar 09 19:45:38 CST 2018]; root of context hierarchy
  [INFO][main][2018-03-09 19:45:38][org.springframework.beans.factory.xml.XmlBeanDefinitionReader] - Loading XML bean definitions from class path resource [spring-mybatis.xml]
  [WARN][main][2018-03-09 19:45:38][org.mybatis.spring.mapper.ClassPathMapperScanner] - No MyBatis mapper was found in '[com.xxx.dao]' package. Please check your configuration.
  [WARN][main][2018-03-09 19:45:38][org.mybatis.spring.mapper.ClassPathMapperScanner] - No MyBatis mapper was found in '[com.spring_mybatis.mapper]' package. Please check your configuration.
  [WARN][main][2018-03-09 19:45:39][org.springframework.context.support.AbstractApplicationContext] - Exception encountered during context initialization - cancelling refresh attempt: org.springframework.beans.factory.BeanCreationException: Error creating bean with name 'sqlSessionFactory' defined in class path resource [spring-mybatis.xml]: Invocation of init method failed; nested exception is org.springframework.core.NestedIOException: Failed to parse config resource: class path resource [mybatis-config.xml]; nested exception is org.apache.ibatis.builder.BuilderException: Error parsing SQL Mapper Configuration. Cause: java.io.IOException: Could not find resource com.ssmtest.mapper.StudentMapper
  [INFO][main][2018-03-09 19:46:14][org.springframework.context.support.AbstractApplicationContext] - Refreshing org.springframework.context.support.ClassPathXmlApplicationContext@25618e91: startup date [Fri Mar 09 19:46:14 CST 2018]; root of context hierarchy
  [INFO][main][2018-03-09 19:46:14][org.springframework.beans.factory.xml.XmlBeanDefinitionReader] - Loading XML bean definitions from class path resource [spring-mybatis.xml]
  [WARN][main][2018-03-09 19:46:14][org.mybatis.spring.mapper.ClassPathMapperScanner] - No MyBatis mapper was found in '[com.xxx.dao]' package. Please check your configuration.
  [WARN][main][2018-03-09 19:46:14][org.mybatis.spring.mapper.ClassPathMapperScanner] - No MyBatis mapper was found in '[com.spring_mybatis.mapper]' package. Please check your configuration.
  [WARN][main][2018-03-09 19:46:14][org.springframework.context.support.AbstractApplicationContext] - Exception encountered during context initialization - cancelling refresh attempt: org.springframework.beans.factory.BeanCreationException: Error creating bean with name 'sqlSessionFactory' defined in class path resource [spring-mybatis.xml]: Invocation of init method failed; nested exception is org.springframework.core.NestedIOException: Failed to parse config resource: class path resource [mybatis-config.xml]; nested exception is org.apache.ibatis.builder.BuilderException: Error parsing SQL Mapper Configuration. Cause: java.io.IOException: Could not find resource com.ssmtest.mapper.StudentMapper
  [INFO][main][2018-03-09 19:47:56][org.springframework.context.support.AbstractApplicationContext] - Refreshing org.springframework.context.support.ClassPathXmlApplicationContext@25618e91: startup date [Fri Mar 09 19:47:56 CST 2018]; root of context hierarchy
  [INFO][main][2018-03-09 19:47:56][org.springframework.beans.factory.xml.XmlBeanDefinitionReader] - Loading XML bean definitions from class path resource [spring-mybatis.xml]
  [WARN][main][2018-03-09 19:47:56][org.mybatis.spring.mapper.ClassPathMapperScanner] - Skipping MapperFactoryBean with name 'studentDao' and 'com.ssmtest.mapper.StudentMapper' mapperInterface. Bean already defined with the same name!
  [WARN][main][2018-03-09 19:47:56][org.mybatis.spring.mapper.ClassPathMapperScanner] - No MyBatis mapper was found in '[com.ssmtest.mapper]' package. Please check your configuration.
  [WARN][main][2018-03-09 19:47:57][org.springframework.context.support.AbstractApplicationContext] - Exception encountered during context initialization - cancelling refresh attempt: org.springframework.beans.factory.BeanCreationException: Error creating bean with name 'sqlSessionFactory' defined in class path resource [spring-mybatis.xml]: Invocation of init method failed; nested exception is org.springframework.core.NestedIOException: Failed to parse config resource: class path resource [mybatis-config.xml]; nested exception is org.apache.ibatis.builder.BuilderException: Error parsing SQL Mapper Configuration. Cause: java.io.IOException: Could not find resource com.ssmtest.mapper.StudentMapper
  [INFO][main][2018-03-09 19:49:08][org.springframework.context.support.AbstractApplicationContext] - Refreshing org.springframework.context.support.ClassPathXmlApplicationContext@25618e91: startup date [Fri Mar 09 19:49:08 CST 2018]; root of context hierarchy
  [INFO][main][2018-03-09 19:49:08][org.springframework.beans.factory.xml.XmlBeanDefinitionReader] - Loading XML bean definitions from class path resource [spring-mybatis.xml]
  [WARN][main][2018-03-09 19:49:08][org.mybatis.spring.mapper.ClassPathMapperScanner] - Skipping MapperFactoryBean with name 'studentDao' and 'com.ssmtest.mapper.StudentMapper' mapperInterface. Bean already defined with the same name!
  [WARN][main][2018-03-09 19:49:08][org.mybatis.spring.mapper.ClassPathMapperScanner] - No MyBatis mapper was found in '[com.ssmtest.mapper]' package. Please check your configuration.
  [WARN][main][2018-03-09 19:49:08][org.springframework.context.support.AbstractApplicationContext] - Exception encountered during context initialization - cancelling refresh attempt: org.springframework.beans.factory.BeanCreationException: Error creating bean with name 'sqlSessionFactory' defined in class path resource [spring-mybatis.xml]: Invocation of init method failed; nested exception is org.apache.ibatis.builder.BuilderException: Error creating document instance.  Cause: org.xml.sax.SAXParseException; lineNumber: 11; columnNumber: 24; 文件提前结束。
  [INFO][main][2018-03-09 19:51:05][org.springframework.context.support.AbstractApplicationContext] - Refreshing org.springframework.context.support.ClassPathXmlApplicationContext@25618e91: startup date [Fri Mar 09 19:51:05 CST 2018]; root of context hierarchy
  [INFO][main][2018-03-09 19:51:05][org.springframework.beans.factory.xml.XmlBeanDefinitionReader] - Loading XML bean definitions from class path resource [spring-mybatis.xml]
  [WARN][main][2018-03-09 19:51:05][org.mybatis.spring.mapper.ClassPathMapperScanner] - Skipping MapperFactoryBean with name 'studentDao' and 'com.ssmtest.mapper.StudentMapper' mapperInterface. Bean already defined with the same name!
  [WARN][main][2018-03-09 19:51:05][org.mybatis.spring.mapper.ClassPathMapperScanner] - No MyBatis mapper was found in '[com.ssmtest.mapper]' package. Please check your configuration.
  [WARN][main][2018-03-09 19:51:05][org.springframework.context.support.AbstractApplicationContext] - Exception encountered during context initialization - cancelling refresh attempt: org.springframework.beans.factory.BeanCreationException: Error creating bean with name 'sqlSessionFactory' defined in class path resource [spring-mybatis.xml]: Invocation of init method failed; nested exception is org.springframework.core.NestedIOException: Failed to parse config resource: class path resource [mybatis-config.xml]; nested exception is org.apache.ibatis.builder.BuilderException: Error parsing SQL Mapper Configuration. Cause: java.io.IOException: Could not find resource com.ssmtest.mapper.StudentMapper
  [INFO][main][2018-03-09 20:00:07][org.springframework.context.support.AbstractApplicationContext] - Refreshing org.springframework.context.support.ClassPathXmlApplicationContext@25618e91: startup date [Fri Mar 09 20:00:07 CST 2018]; root of context hierarchy
  [INFO][main][2018-03-09 20:00:07][org.springframework.beans.factory.xml.XmlBeanDefinitionReader] - Loading XML bean definitions from class path resource [spring-mybatis.xml]
  [WARN][main][2018-03-09 20:00:07][org.mybatis.spring.mapper.ClassPathMapperScanner] - Skipping MapperFactoryBean with name 'studentDao' and 'com.ssmtest.mapper.StudentMapper' mapperInterface. Bean already defined with the same name!
  [WARN][main][2018-03-09 20:00:07][org.mybatis.spring.mapper.ClassPathMapperScanner] - No MyBatis mapper was found in '[com.ssmtest.mapper]' package. Please check your configuration.
  [WARN][main][2018-03-09 20:00:07][org.springframework.context.support.AbstractApplicationContext] - Exception encountered during context initialization - cancelling refresh attempt: org.springframework.beans.factory.BeanCreationException: Error creating bean with name 'sqlSessionFactory' defined in class path resource [spring-mybatis.xml]: Invocation of init method failed; nested exception is org.springframework.core.NestedIOException: Failed to parse config resource: class path resource [mybatis-config.xml]; nested exception is org.apache.ibatis.builder.BuilderException: Error parsing SQL Mapper Configuration. Cause: java.io.IOException: Could not find resource com.ssmtest.mapper.StudentMapper
  [INFO][main][2018-03-09 20:03:14][org.springframework.context.support.AbstractApplicationContext] - Refreshing org.springframework.context.support.ClassPathXmlApplicationContext@25618e91: startup date [Fri Mar 09 20:03:14 CST 2018]; root of context hierarchy
  [INFO][main][2018-03-09 20:03:14][org.springframework.beans.factory.xml.XmlBeanDefinitionReader] - Loading XML bean definitions from class path resource [spring-mybatis.xml]
  [WARN][main][2018-03-09 20:03:14][org.mybatis.spring.mapper.ClassPathMapperScanner] - Skipping MapperFactoryBean with name 'studentDao' and 'com.ssmtest.mapper.StudentMapper' mapperInterface. Bean already defined with the same name!
  [WARN][main][2018-03-09 20:03:14][org.mybatis.spring.mapper.ClassPathMapperScanner] - No MyBatis mapper was found in '[com.ssmtest.mapper]' package. Please check your configuration.
  [INFO][main][2018-03-09 20:04:48][org.springframework.context.support.AbstractApplicationContext] - Refreshing org.springframework.context.support.ClassPathXmlApplicationContext@25618e91: startup date [Fri Mar 09 20:04:48 CST 2018]; root of context hierarchy
  [INFO][main][2018-03-09 20:04:48][org.springframework.beans.factory.xml.XmlBeanDefinitionReader] - Loading XML bean definitions from class path resource [spring-mybatis.xml]
  [INFO][main][2018-03-09 20:05:35][org.springframework.context.support.AbstractApplicationContext] - Refreshing org.springframework.context.support.ClassPathXmlApplicationContext@25618e91: startup date [Fri Mar 09 20:05:35 CST 2018]; root of context hierarchy
  [INFO][main][2018-03-09 20:05:35][org.springframework.beans.factory.xml.XmlBeanDefinitionReader] - Loading XML bean definitions from class path resource [spring-mybatis.xml]
  [INFO][main][2018-03-09 20:06:21][org.springframework.context.support.AbstractApplicationContext] - Refreshing org.springframework.context.support.ClassPathXmlApplicationContext@25618e91: startup date [Fri Mar 09 20:06:21 CST 2018]; root of context hierarchy
  [INFO][main][2018-03-09 20:06:21][org.springframework.beans.factory.xml.XmlBeanDefinitionReader] - Loading XML bean definitions from class path resource [spring-mybatis.xml]
  [INFO][main][2018-03-09 20:10:40][org.springframework.context.support.AbstractApplicationContext] - Refreshing org.springframework.context.support.ClassPathXmlApplicationContext@25618e91: startup date [Fri Mar 09 20:10:40 CST 2018]; root of context hierarchy
  [INFO][main][2018-03-09 20:10:40][org.springframework.beans.factory.xml.XmlBeanDefinitionReader] - Loading XML bean definitions from class path resource [spring-mybatis.xml]
  [INFO][main][2018-03-09 20:13:35][org.springframework.context.support.AbstractApplicationContext] - Refreshing org.springframework.context.support.ClassPathXmlApplicationContext@25618e91: startup date [Fri Mar 09 20:13:35 CST 2018]; root of context hierarchy
  [INFO][main][2018-03-09 20:13:35][org.springframework.beans.factory.xml.XmlBeanDefinitionReader] - Loading XML bean definitions from class path resource [spring-mybatis.xml]
  [INFO][main][2018-03-09 20:13:45][org.springframework.context.support.AbstractApplicationContext] - Refreshing org.springframework.context.support.ClassPathXmlApplicationContext@5a4041cc: startup date [Fri Mar 09 20:13:45 CST 2018]; root of context hierarchy
  [INFO][main][2018-03-09 20:13:45][org.springframework.beans.factory.xml.XmlBeanDefinitionReader] - Loading XML bean definitions from class path resource [spring-mybatis.xml]
  [INFO][main][2018-03-09 20:14:13][org.springframework.context.support.AbstractApplicationContext] - Refreshing org.springframework.context.support.ClassPathXmlApplicationContext@8b87145: startup date [Fri Mar 09 20:14:13 CST 2018]; root of context hierarchy
  [INFO][main][2018-03-09 20:14:13][org.springframework.beans.factory.xml.XmlBeanDefinitionReader] - Loading XML bean definitions from class path resource [spring-mybatis.xml]
  [INFO][main][2018-03-09 20:14:34][org.springframework.context.support.AbstractApplicationContext] - Refreshing org.springframework.context.support.ClassPathXmlApplicationContext@8b87145: startup date [Fri Mar 09 20:14:34 CST 2018]; root of context hierarchy
  [INFO][main][2018-03-09 20:14:34][org.springframework.beans.factory.xml.XmlBeanDefinitionReader] - Loading XML bean definitions from class path resource [spring-mybatis.xml]
  [INFO][main][2018-03-09 20:16:26][org.springframework.context.support.AbstractApplicationContext] - Refreshing org.springframework.context.support.ClassPathXmlApplicationContext@25618e91: startup date [Fri Mar 09 20:16:26 CST 2018]; root of context hierarchy
  [INFO][main][2018-03-09 20:16:26][org.springframework.beans.factory.xml.XmlBeanDefinitionReader] - Loading XML bean definitions from class path resource [spring-mybatis.xml]
  [INFO][main][2018-03-09 20:22:27][org.springframework.context.support.AbstractApplicationContext] - Refreshing org.springframework.context.support.ClassPathXmlApplicationContext@25618e91: startup date [Fri Mar 09 20:22:27 CST 2018]; root of context hierarchy
  [INFO][main][2018-03-09 20:22:27][org.springframework.beans.factory.xml.XmlBeanDefinitionReader] - Loading XML bean definitions from class path resource [spring-mybatis.xml]
  [INFO][main][2018-03-09 20:26:51][org.springframework.context.support.AbstractApplicationContext] - Refreshing org.springframework.context.support.ClassPathXmlApplicationContext@25618e91: startup date [Fri Mar 09 20:26:51 CST 2018]; root of context hierarchy
  [INFO][main][2018-03-09 20:26:51][org.springframework.beans.factory.xml.XmlBeanDefinitionReader] - Loading XML bean definitions from class path resource [spring-mybatis.xml]
  [INFO][main][2018-03-09 20:27:33][org.springframework.context.support.AbstractApplicationContext] - Refreshing org.springframework.context.support.ClassPathXmlApplicationContext@25618e91: startup date [Fri Mar 09 20:27:33 CST 2018]; root of context hierarchy
  [INFO][main][2018-03-09 20:27:33][org.springframework.beans.factory.xml.XmlBeanDefinitionReader] - Loading XML bean definitions from class path resource [spring-mybatis.xml]
  [WARN][main][2018-03-09 20:27:33][org.springframework.context.support.AbstractApplicationContext] - Exception encountered during context initialization - cancelling refresh attempt: org.springframework.beans.factory.BeanCreationException: Error creating bean with name 'sqlSessionFactory' defined in class path resource [spring-mybatis.xml]: Invocation of init method failed; nested exception is org.springframework.core.NestedIOException: Failed to parse mapping resource: 'file [E:\Class\SSM\IDEA\SSMTest\target\classes\mapper\StudentMapper.xml]'; nested exception is org.apache.ibatis.builder.BuilderException: Error parsing Mapper XML. Cause: org.apache.ibatis.builder.BuilderException: Error resolving class. Cause: org.apache.ibatis.type.TypeException: Could not resolve type alias 'Student'.  Cause: java.lang.ClassNotFoundException: Cannot find class: Student
  [INFO][main][2018-03-09 20:28:07][org.springframework.context.support.AbstractApplicationContext] - Refreshing org.springframework.context.support.ClassPathXmlApplicationContext@25618e91: startup date [Fri Mar 09 20:28:07 CST 2018]; root of context hierarchy
  [INFO][main][2018-03-09 20:28:07][org.springframework.beans.factory.xml.XmlBeanDefinitionReader] - Loading XML bean definitions from class path resource [spring-mybatis.xml]
  [WARN][main][2018-03-09 20:28:07][org.springframework.context.support.AbstractApplicationContext] - Exception encountered during context initialization - cancelling refresh attempt: org.springframework.beans.factory.BeanCreationException: Error creating bean with name 'sqlSessionFactory' defined in class path resource [spring-mybatis.xml]: Invocation of init method failed; nested exception is org.springframework.core.NestedIOException: Failed to parse mapping resource: 'file [E:\Class\SSM\IDEA\SSMTest\target\classes\mapper\StudentMapper.xml]'; nested exception is org.apache.ibatis.builder.BuilderException: Error parsing Mapper XML. Cause: org.apache.ibatis.builder.BuilderException: Error resolving class. Cause: org.apache.ibatis.type.TypeException: Could not resolve type alias 'Student'.  Cause: java.lang.ClassNotFoundException: Cannot find class: Student
  [INFO][main][2018-03-09 20:28:48][org.springframework.context.support.AbstractApplicationContext] - Refreshing org.springframework.context.support.ClassPathXmlApplicationContext@25618e91: startup date [Fri Mar 09 20:28:48 CST 2018]; root of context hierarchy
  [INFO][main][2018-03-09 20:28:48][org.springframework.beans.factory.xml.XmlBeanDefinitionReader] - Loading XML bean definitions from class path resource [spring-mybatis.xml]
  [INFO][main][2018-03-09 20:33:45][org.springframework.context.support.AbstractApplicationContext] - Refreshing org.springframework.context.support.ClassPathXmlApplicationContext@25618e91: startup date [Fri Mar 09 20:33:45 CST 2018]; root of context hierarchy
  [INFO][main][2018-03-09 20:33:46][org.springframework.beans.factory.xml.XmlBeanDefinitionReader] - Loading XML bean definitions from class path resource [spring-mybatis.xml]
  [INFO][main][2018-03-09 20:34:28][org.springframework.context.support.AbstractApplicationContext] - Refreshing org.springframework.context.support.ClassPathXmlApplicationContext@25618e91: startup date [Fri Mar 09 20:34:28 CST 2018]; root of context hierarchy
  [INFO][main][2018-03-09 20:34:28][org.springframework.beans.factory.xml.XmlBeanDefinitionReader] - Loading XML bean definitions from class path resource [spring-mybatis.xml]
  [WARN][main][2018-03-09 20:34:29][org.springframework.context.support.AbstractApplicationContext] - Exception encountered during context initialization - cancelling refresh attempt: org.springframework.beans.factory.BeanCreationException: Error creating bean with name 'sqlSessionFactory' defined in class path resource [spring-mybatis.xml]: Invocation of init method failed; nested exception is org.springframework.core.NestedIOException: Failed to parse mapping resource: 'file [E:\Class\SSM\IDEA\SSMTest\target\classes\mapper\StudentMapper.xml]'; nested exception is org.apache.ibatis.builder.BuilderException: Error parsing Mapper XML. Cause: org.apache.ibatis.builder.BuilderException: Error resolving class. Cause: org.apache.ibatis.type.TypeException: Could not resolve type alias 'Student'.  Cause: java.lang.ClassNotFoundException: Cannot find class: Student
  [INFO][main][2018-03-09 20:35:15][org.springframework.context.support.AbstractApplicationContext] - Refreshing org.springframework.context.support.ClassPathXmlApplicationContext@25618e91: startup date [Fri Mar 09 20:35:15 CST 2018]; root of context hierarchy
  [INFO][main][2018-03-09 20:35:15][org.springframework.beans.factory.xml.XmlBeanDefinitionReader] - Loading XML bean definitions from class path resource [spring-mybatis.xml]
  [INFO][main][2018-03-09 20:44:48][org.springframework.context.support.AbstractApplicationContext] - Refreshing org.springframework.context.support.ClassPathXmlApplicationContext@25618e91: startup date [Fri Mar 09 20:44:48 CST 2018]; root of context hierarchy
  [INFO][main][2018-03-09 20:44:48][org.springframework.beans.factory.xml.XmlBeanDefinitionReader] - Loading XML bean definitions from class path resource [spring-mybatis.xml]
  [INFO][main][2018-03-09 21:01:00][org.springframework.context.support.AbstractApplicationContext] - Refreshing org.springframework.context.support.ClassPathXmlApplicationContext@25618e91: startup date [Fri Mar 09 21:01:00 CST 2018]; root of context hierarchy
  [INFO][main][2018-03-09 21:01:00][org.springframework.beans.factory.xml.XmlBeanDefinitionReader] - Loading XML bean definitions from class path resource [spring-mybatis.xml]
  [INFO][main][2018-03-09 21:04:41][org.springframework.context.support.AbstractApplicationContext] - Refreshing org.springframework.context.support.ClassPathXmlApplicationContext@25618e91: startup date [Fri Mar 09 21:04:41 CST 2018]; root of context hierarchy
  [INFO][main][2018-03-09 21:04:41][org.springframework.beans.factory.xml.XmlBeanDefinitionReader] - Loading XML bean definitions from class path resource [spring-mybatis.xml]
  [ERROR][main][2018-03-09 21:04:41][org.mybatis.spring.mapper.MapperFactoryBean] - Error while adding the mapper 'interface com.ssmtest.mapper.StudentMapper' to configuration.
  org.apache.ibatis.builder.BuilderException: Error parsing Mapper XML. Cause: org.apache.ibatis.builder.BuilderException: Error resolving class. Cause: org.apache.ibatis.type.TypeException: Could not resolve type alias 'Student'.  Cause: java.lang.ClassNotFoundException: Cannot find class: Student
	at org.apache.ibatis.builder.xml.XMLMapperBuilder.configurationElement(XMLMapperBuilder.java:120)
	at org.apache.ibatis.builder.xml.XMLMapperBuilder.parse(XMLMapperBuilder.java:92)
	at org.apache.ibatis.builder.annotation.MapperAnnotationBuilder.loadXmlResource(MapperAnnotationBuilder.java:173)
	at org.apache.ibatis.builder.annotation.MapperAnnotationBuilder.parse(MapperAnnotationBuilder.java:124)
	at org.apache.ibatis.binding.MapperRegistry.addMapper(MapperRegistry.java:72)
	at org.apache.ibatis.session.Configuration.addMapper(Configuration.java:728)
	at org.mybatis.spring.mapper.MapperFactoryBean.checkDaoConfig(MapperFactoryBean.java:80)
	at org.springframework.dao.support.DaoSupport.afterPropertiesSet(DaoSupport.java:44)
	at org.springframework.beans.factory.support.AbstractAutowireCapableBeanFactory.invokeInitMethods(AbstractAutowireCapableBeanFactory.java:1687)
	at org.springframework.beans.factory.support.AbstractAutowireCapableBeanFactory.initializeBean(AbstractAutowireCapableBeanFactory.java:1624)
	at org.springframework.beans.factory.support.AbstractAutowireCapableBeanFactory.doCreateBean(AbstractAutowireCapableBeanFactory.java:555)
	at org.springframework.beans.factory.support.AbstractAutowireCapableBeanFactory.createBean(AbstractAutowireCapableBeanFactory.java:483)
	at org.springframework.beans.factory.support.AbstractBeanFactory$1.getObject(AbstractBeanFactory.java:306)
	at org.springframework.beans.factory.support.DefaultSingletonBeanRegistry.getSingleton(DefaultSingletonBeanRegistry.java:230)
	at org.springframework.beans.factory.support.AbstractBeanFactory.doGetBean(AbstractBeanFactory.java:302)
	at org.springframework.beans.factory.support.AbstractBeanFactory.getBean(AbstractBeanFactory.java:197)
	at org.springframework.beans.factory.support.DefaultListableBeanFactory.preInstantiateSingletons(DefaultListableBeanFactory.java:742)
	at org.springframework.context.support.AbstractApplicationContext.finishBeanFactoryInitialization(AbstractApplicationContext.java:867)
	at org.springframework.context.support.AbstractApplicationContext.refresh(AbstractApplicationContext.java:543)
	at org.springframework.context.support.ClassPathXmlApplicationContext.<init>(ClassPathXmlApplicationContext.java:139)
	at org.springframework.context.support.ClassPathXmlApplicationContext.<init>(ClassPathXmlApplicationContext.java:83)
	at com.ssmtest.potest.StudentTest.find(StudentTest.java:11)
	at sun.reflect.NativeMethodAccessorImpl.invoke0(Native Method)
	at sun.reflect.NativeMethodAccessorImpl.invoke(NativeMethodAccessorImpl.java:62)
	at sun.reflect.DelegatingMethodAccessorImpl.invoke(DelegatingMethodAccessorImpl.java:43)
	at java.lang.reflect.Method.invoke(Method.java:498)
	at org.junit.runners.model.FrameworkMethod$1.runReflectiveCall(FrameworkMethod.java:44)
	at org.junit.internal.runners.model.ReflectiveCallable.run(ReflectiveCallable.java:15)
	at org.junit.runners.model.FrameworkMethod.invokeExplosively(FrameworkMethod.java:41)
	at org.junit.internal.runners.statements.InvokeMethod.evaluate(InvokeMethod.java:20)
	at org.junit.runners.ParentRunner.runLeaf(ParentRunner.java:263)
	at org.junit.runners.BlockJUnit4ClassRunner.runChild(BlockJUnit4ClassRunner.java:69)
	at org.junit.runners.BlockJUnit4ClassRunner.runChild(BlockJUnit4ClassRunner.java:48)
	at org.junit.runners.ParentRunner$3.run(ParentRunner.java:231)
	at org.junit.runners.ParentRunner$1.schedule(ParentRunner.java:60)
	at org.junit.runners.ParentRunner.runChildren(ParentRunner.java:229)
	at org.junit.runners.ParentRunner.access$000(ParentRunner.java:50)
	at org.junit.runners.ParentRunner$2.evaluate(ParentRunner.java:222)
	at org.junit.runners.ParentRunner.run(ParentRunner.java:292)
	at org.junit.runner.JUnitCore.run(JUnitCore.java:157)
	at com.intellij.junit4.JUnit4IdeaTestRunner.startRunnerWithArgs(JUnit4IdeaTestRunner.java:68)
	at com.intellij.rt.execution.junit.IdeaTestRunner$Repeater.startRunnerWithArgs(IdeaTestRunner.java:47)
	at com.intellij.rt.execution.junit.JUnitStarter.prepareStreamsAndStart(JUnitStarter.java:242)
	at com.intellij.rt.execution.junit.JUnitStarter.main(JUnitStarter.java:70)
Caused by: org.apache.ibatis.builder.BuilderException: Error resolving class. Cause: org.apache.ibatis.type.TypeException: Could not resolve type alias 'Student'.  Cause: java.lang.ClassNotFoundException: Cannot find class: Student
	at org.apache.ibatis.builder.BaseBuilder.resolveClass(BaseBuilder.java:118)
	at org.apache.ibatis.builder.xml.XMLStatementBuilder.parseStatementNode(XMLStatementBuilder.java:74)
	at org.apache.ibatis.builder.xml.XMLMapperBuilder.buildStatementFromContext(XMLMapperBuilder.java:135)
	at org.apache.ibatis.builder.xml.XMLMapperBuilder.buildStatementFromContext(XMLMapperBuilder.java:128)
	at org.apache.ibatis.builder.xml.XMLMapperBuilder.configurationElement(XMLMapperBuilder.java:118)
	... 43 more
Caused by: org.apache.ibatis.type.TypeException: Could not resolve type alias 'Student'.  Cause: java.lang.ClassNotFoundException: Cannot find class: Student
	at org.apache.ibatis.type.TypeAliasRegistry.resolveAlias(TypeAliasRegistry.java:120)
	at org.apache.ibatis.builder.BaseBuilder.resolveAlias(BaseBuilder.java:149)
	at org.apache.ibatis.builder.BaseBuilder.resolveClass(BaseBuilder.java:116)
	... 47 more
Caused by: java.lang.ClassNotFoundException: Cannot find class: Student
	at org.apache.ibatis.io.ClassLoaderWrapper.classForName(ClassLoaderWrapper.java:200)
	at org.apache.ibatis.io.ClassLoaderWrapper.classForName(ClassLoaderWrapper.java:89)
	at org.apache.ibatis.io.Resources.classForName(Resources.java:261)
	at org.apache.ibatis.type.TypeAliasRegistry.resolveAlias(TypeAliasRegistry.java:116)
	... 49 more
[WARN][main][2018-03-09 21:04:41][org.springframework.context.support.AbstractApplicationContext] - Exception encountered during context initialization - cancelling refresh attempt: org.springframework.beans.factory.BeanCreationException: Error creating bean with name 'studentDao' defined in file [E:\Class\SSM\IDEA\SSMTest\target\classes\com\ssmtest\mapper\StudentMapper.class]: Invocation of init method failed; nested exception is java.lang.IllegalArgumentException: org.apache.ibatis.builder.BuilderException: Error parsing Mapper XML. Cause: org.apache.ibatis.builder.BuilderException: Error resolving class. Cause: org.apache.ibatis.type.TypeException: Could not resolve type alias 'Student'.  Cause: java.lang.ClassNotFoundException: Cannot find class: Student
  [INFO][main][2018-03-09 21:06:30][org.springframework.context.support.AbstractApplicationContext] - Refreshing org.springframework.context.support.ClassPathXmlApplicationContext@25618e91: startup date [Fri Mar 09 21:06:30 CST 2018]; root of context hierarchy
  [INFO][main][2018-03-09 21:06:30][org.springframework.beans.factory.xml.XmlBeanDefinitionReader] - Loading XML bean definitions from class path resource [spring-mybatis.xml]
  [INFO][main][2018-03-09 21:15:36][org.springframework.context.support.AbstractApplicationContext] - Refreshing org.springframework.context.support.ClassPathXmlApplicationContext@25618e91: startup date [Fri Mar 09 21:15:36 CST 2018]; root of context hierarchy
  [INFO][main][2018-03-09 21:15:37][org.springframework.beans.factory.xml.XmlBeanDefinitionReader] - Loading XML bean definitions from class path resource [spring-mybatis.xml]
  [INFO][main][2018-03-09 21:20:34][org.springframework.context.support.AbstractApplicationContext] - Refreshing org.springframework.context.support.ClassPathXmlApplicationContext@25618e91: startup date [Fri Mar 09 21:20:34 CST 2018]; root of context hierarchy
  [INFO][main][2018-03-09 21:20:34][org.springframework.beans.factory.xml.XmlBeanDefinitionReader] - Loading XML bean definitions from class path resource [spring-mybatis.xml]
  [INFO][main][2018-03-09 21:21:45][org.springframework.context.support.AbstractApplicationContext] - Refreshing org.springframework.context.support.ClassPathXmlApplicationContext@25618e91: startup date [Fri Mar 09 21:21:45 CST 2018]; root of context hierarchy
  [INFO][main][2018-03-09 21:21:45][org.springframework.beans.factory.xml.XmlBeanDefinitionReader] - Loading XML bean definitions from class path resource [spring-mybatis.xml]
  [WARN][main][2018-03-09 21:21:46][org.springframework.context.support.AbstractApplicationContext] - Exception encountered during context initialization - cancelling refresh attempt: org.springframework.beans.factory.BeanCreationException: Error creating bean with name 'sqlSessionFactory' defined in class path resource [spring-mybatis.xml]: Invocation of init method failed; nested exception is org.springframework.core.NestedIOException: Failed to parse mapping resource: 'file [E:\Class\SSM\IDEA\SSMTest\target\classes\mapper\StudentMapper.xml]'; nested exception is org.apache.ibatis.builder.BuilderException: Error parsing Mapper XML. Cause: org.apache.ibatis.builder.BuilderException: Error resolving class. Cause: org.apache.ibatis.type.TypeException: Could not resolve type alias 'Student'.  Cause: java.lang.ClassNotFoundException: Cannot find class: Student
  [INFO][main][2018-03-09 21:22:04][org.springframework.context.support.AbstractApplicationContext] - Refreshing org.springframework.context.support.ClassPathXmlApplicationContext@25618e91: startup date [Fri Mar 09 21:22:04 CST 2018]; root of context hierarchy
  [INFO][main][2018-03-09 21:22:04][org.springframework.beans.factory.xml.XmlBeanDefinitionReader] - Loading XML bean definitions from class path resource [spring-mybatis.xml]
  [WARN][main][2018-03-09 21:22:05][org.springframework.context.support.AbstractApplicationContext] - Exception encountered during context initialization - cancelling refresh attempt: org.springframework.beans.factory.BeanCreationException: Error creating bean with name 'sqlSessionFactory' defined in class path resource [spring-mybatis.xml]: Invocation of init method failed; nested exception is org.springframework.core.NestedIOException: Failed to parse mapping resource: 'file [E:\Class\SSM\IDEA\SSMTest\target\classes\mapper\StudentMapper.xml]'; nested exception is org.apache.ibatis.builder.BuilderException: Error parsing Mapper XML. Cause: org.apache.ibatis.builder.BuilderException: Error resolving class. Cause: org.apache.ibatis.type.TypeException: Could not resolve type alias 'Student'.  Cause: java.lang.ClassNotFoundException: Cannot find class: Student
  [INFO][main][2018-03-09 21:28:33][org.springframework.context.support.AbstractApplicationContext] - Refreshing org.springframework.context.support.ClassPathXmlApplicationContext@25618e91: startup date [Fri Mar 09 21:28:33 CST 2018]; root of context hierarchy
  [INFO][main][2018-03-09 21:28:33][org.springframework.beans.factory.xml.XmlBeanDefinitionReader] - Loading XML bean definitions from class path resource [spring-mybatis.xml]
  [INFO][main][2018-03-09 21:29:44][org.springframework.context.support.AbstractApplicationContext] - Refreshing org.springframework.context.support.ClassPathXmlApplicationContext@25618e91: startup date [Fri Mar 09 21:29:44 CST 2018]; root of context hierarchy
  [INFO][main][2018-03-09 21:29:44][org.springframework.beans.factory.xml.XmlBeanDefinitionReader] - Loading XML bean definitions from class path resource [spring-mybatis.xml]
  [INFO][main][2018-03-09 21:30:56][org.springframework.context.support.AbstractApplicationContext] - Refreshing org.springframework.context.support.ClassPathXmlApplicationContext@25618e91: startup date [Fri Mar 09 21:30:56 CST 2018]; root of context hierarchy
  [INFO][main][2018-03-09 21:30:56][org.springframework.beans.factory.xml.XmlBeanDefinitionReader] - Loading XML bean definitions from class path resource [spring-mybatis.xml]
  [WARN][main][2018-03-09 21:30:56][org.springframework.context.support.AbstractApplicationContext] - Exception encountered during context initialization - cancelling refresh attempt: org.springframework.beans.factory.BeanCreationException: Error creating bean with name 'sqlSessionFactory' defined in class path resource [spring-mybatis.xml]: Invocation of init method failed; nested exception is org.springframework.core.NestedIOException: Failed to parse mapping resource: 'file [E:\Class\SSM\IDEA\SSMTest\target\classes\mapper\StudentMapper.xml]'; nested exception is org.apache.ibatis.builder.BuilderException: Error parsing Mapper XML. Cause: org.apache.ibatis.builder.BuilderException: Error resolving class. Cause: org.apache.ibatis.type.TypeException: Could not resolve type alias 'Student'.  Cause: java.lang.ClassNotFoundException: Cannot find class: Student
  [INFO][main][2018-03-09 21:32:39][org.springframework.context.support.AbstractApplicationContext] - Refreshing org.springframework.context.support.ClassPathXmlApplicationContext@25618e91: startup date [Fri Mar 09 21:32:39 CST 2018]; root of context hierarchy
  [INFO][main][2018-03-09 21:32:39][org.springframework.beans.factory.xml.XmlBeanDefinitionReader] - Loading XML bean definitions from class path resource [spring-mybatis.xml]
  [INFO][main][2018-03-09 21:33:59][org.springframework.context.support.AbstractApplicationContext] - Refreshing org.springframework.context.support.ClassPathXmlApplicationContext@25618e91: startup date [Fri Mar 09 21:33:59 CST 2018]; root of context hierarchy
  [INFO][main][2018-03-09 21:33:59][org.springframework.beans.factory.xml.XmlBeanDefinitionReader] - Loading XML bean definitions from class path resource [spring-mybatis.xml]
  [INFO][main][2018-03-09 21:34:30][org.springframework.context.support.AbstractApplicationContext] - Refreshing org.springframework.context.support.ClassPathXmlApplicationContext@25618e91: startup date [Fri Mar 09 21:34:30 CST 2018]; root of context hierarchy
  [INFO][main][2018-03-09 21:34:30][org.springframework.beans.factory.xml.XmlBeanDefinitionReader] - Loading XML bean definitions from class path resource [spring-mybatis.xml]
  [INFO][main][2018-03-09 21:35:05][org.springframework.context.support.AbstractApplicationContext] - Refreshing org.springframework.context.support.ClassPathXmlApplicationContext@25618e91: startup date [Fri Mar 09 21:35:05 CST 2018]; root of context hierarchy
  [INFO][main][2018-03-09 21:35:05][org.springframework.beans.factory.xml.XmlBeanDefinitionReader] - Loading XML bean definitions from class path resource [spring-mybatis.xml]
  [INFO][main][2018-03-09 21:35:39][org.springframework.context.support.AbstractApplicationContext] - Refreshing org.springframework.context.support.ClassPathXmlApplicationContext@25618e91: startup date [Fri Mar 09 21:35:39 CST 2018]; root of context hierarchy
  [INFO][main][2018-03-09 21:35:39][org.springframework.beans.factory.xml.XmlBeanDefinitionReader] - Loading XML bean definitions from class path resource [spring-mybatis.xml]
  [INFO][main][2018-03-09 21:39:31][org.springframework.context.support.AbstractApplicationContext] - Refreshing org.springframework.context.support.ClassPathXmlApplicationContext@25618e91: startup date [Fri Mar 09 21:39:31 CST 2018]; root of context hierarchy
  [INFO][main][2018-03-09 21:39:31][org.springframework.beans.factory.xml.XmlBeanDefinitionReader] - Loading XML bean definitions from class path resource [spring-mybatis.xml]
  [INFO][main][2018-03-09 22:40:08][org.springframework.context.support.AbstractApplicationContext] - Refreshing org.springframework.context.support.ClassPathXmlApplicationContext@25618e91: startup date [Fri Mar 09 22:40:08 CST 2018]; root of context hierarchy
  [INFO][main][2018-03-09 22:40:08][org.springframework.beans.factory.xml.XmlBeanDefinitionReader] - Loading XML bean definitions from class path resource [spring-mybatis.xml]
  [INFO][main][2018-03-09 22:48:37][org.springframework.context.support.AbstractApplicationContext] - Refreshing org.springframework.context.support.ClassPathXmlApplicationContext@64c64813: startup date [Fri Mar 09 22:48:37 CST 2018]; root of context hierarchy
  [INFO][main][2018-03-09 22:48:38][org.springframework.beans.factory.xml.XmlBeanDefinitionReader] - Loading XML bean definitions from class path resource [spring-mybatis.xml]
  [INFO][main][2018-03-09 22:55:57][org.springframework.context.support.AbstractApplicationContext] - Refreshing org.springframework.context.support.ClassPathXmlApplicationContext@326de728: startup date [Fri Mar 09 22:55:57 CST 2018]; root of context hierarchy
  [INFO][main][2018-03-09 22:55:57][org.springframework.beans.factory.xml.XmlBeanDefinitionReader] - Loading XML bean definitions from class path resource [spring-mybatis.xml]
  [INFO][main][2018-03-09 23:11:46][org.springframework.context.support.AbstractApplicationContext] - Refreshing org.springframework.context.support.ClassPathXmlApplicationContext@25618e91: startup date [Fri Mar 09 23:11:46 CST 2018]; root of context hierarchy
  [INFO][main][2018-03-09 23:11:46][org.springframework.beans.factory.xml.XmlBeanDefinitionReader] - Loading XML bean definitions from class path resource [spring-mybatis.xml]
  [INFO][main][2018-03-09 23:17:33][org.springframework.context.support.AbstractApplicationContext] - Refreshing org.springframework.context.support.ClassPathXmlApplicationContext@25618e91: startup date [Fri Mar 09 23:17:33 CST 2018]; root of context hierarchy
  [INFO][main][2018-03-09 23:17:33][org.springframework.beans.factory.xml.XmlBeanDefinitionReader] - Loading XML bean definitions from class path resource [spring-mybatis.xml]
  [WARN][main][2018-03-09 23:17:34][org.springframework.context.support.AbstractApplicationContext] - Exception encountered during context initialization - cancelling refresh attempt: org.springframework.beans.factory.BeanCreationException: Error creating bean with name 'sqlSessionFactory' defined in class path resource [spring-mybatis.xml]: Invocation of init method failed; nested exception is org.springframework.core.NestedIOException: Failed to parse mapping resource: 'class path resource [mapper]'; nested exception is org.apache.ibatis.builder.BuilderException: Error creating document instance.  Cause: org.xml.sax.SAXParseException; lineNumber: 1; columnNumber: 1; 前言中不允许有内容。
  [INFO][main][2018-03-09 23:19:24][org.springframework.context.support.AbstractApplicationContext] - Refreshing org.springframework.context.support.ClassPathXmlApplicationContext@25618e91: startup date [Fri Mar 09 23:19:24 CST 2018]; root of context hierarchy
  [INFO][main][2018-03-09 23:19:24][org.springframework.beans.factory.xml.XmlBeanDefinitionReader] - Loading XML bean definitions from class path resource [spring-mybatis.xml]
  [INFO][main][2018-03-09 23:25:46][org.springframework.context.support.AbstractApplicationContext] - Refreshing org.springframework.context.support.ClassPathXmlApplicationContext@25618e91: startup date [Fri Mar 09 23:25:46 CST 2018]; root of context hierarchy
  [INFO][main][2018-03-09 23:25:46][org.springframework.beans.factory.xml.XmlBeanDefinitionReader] - Loading XML bean definitions from class path resource [spring-mybatis.xml]
  [INFO][main][2018-03-09 23:28:29][org.springframework.context.support.AbstractApplicationContext] - Refreshing org.springframework.context.support.ClassPathXmlApplicationContext@25618e91: startup date [Fri Mar 09 23:28:29 CST 2018]; root of context hierarchy
  [INFO][main][2018-03-09 23:28:29][org.springframework.beans.factory.xml.XmlBeanDefinitionReader] - Loading XML bean definitions from class path resource [spring-mybatis.xml]
  [INFO][main][2018-03-09 23:29:38][org.springframework.context.support.AbstractApplicationContext] - Refreshing org.springframework.context.support.ClassPathXmlApplicationContext@25618e91: startup date [Fri Mar 09 23:29:38 CST 2018]; root of context hierarchy
  [INFO][main][2018-03-09 23:29:38][org.springframework.beans.factory.xml.XmlBeanDefinitionReader] - Loading XML bean definitions from class path resource [spring-mybatis.xml]
  [INFO][main][2018-03-10 09:34:12][org.springframework.context.support.AbstractApplicationContext] - Refreshing org.springframework.context.support.ClassPathXmlApplicationContext@25618e91: startup date [Sat Mar 10 09:34:12 CST 2018]; root of context hierarchy
  [INFO][main][2018-03-10 09:34:12][org.springframework.beans.factory.xml.XmlBeanDefinitionReader] - Loading XML bean definitions from class path resource [spring-mybatis.xml]
  [INFO][main][2018-03-10 09:37:50][org.springframework.context.support.AbstractApplicationContext] - Refreshing org.springframework.context.support.ClassPathXmlApplicationContext@25618e91: startup date [Sat Mar 10 09:37:50 CST 2018]; root of context hierarchy
  [INFO][main][2018-03-10 09:37:50][org.springframework.beans.factory.xml.XmlBeanDefinitionReader] - Loading XML bean definitions from class path resource [spring-mybatis.xml]
  [INFO][main][2018-03-10 09:48:19][org.springframework.context.support.AbstractApplicationContext] - Refreshing org.springframework.context.support.ClassPathXmlApplicationContext@25618e91: startup date [Sat Mar 10 09:48:19 CST 2018]; root of context hierarchy
  [INFO][main][2018-03-10 09:48:19][org.springframework.beans.factory.xml.XmlBeanDefinitionReader] - Loading XML bean definitions from class path resource [spring-mybatis.xml]
  [INFO][main][2018-03-10 09:53:15][org.springframework.context.support.AbstractApplicationContext] - Refreshing org.springframework.context.support.ClassPathXmlApplicationContext@25618e91: startup date [Sat Mar 10 09:53:15 CST 2018]; root of context hierarchy
  [INFO][main][2018-03-10 09:53:15][org.springframework.beans.factory.xml.XmlBeanDefinitionReader] - Loading XML bean definitions from class path resource [spring-mybatis.xml]
  [INFO][main][2018-03-10 09:53:30][org.springframework.context.support.AbstractApplicationContext] - Refreshing org.springframework.context.support.ClassPathXmlApplicationContext@8b87145: startup date [Sat Mar 10 09:53:30 CST 2018]; root of context hierarchy
  [INFO][main][2018-03-10 09:53:30][org.springframework.beans.factory.xml.XmlBeanDefinitionReader] - Loading XML bean definitions from class path resource [spring-mybatis.xml]
  [INFO][main][2018-03-10 10:01:06][org.springframework.context.support.AbstractApplicationContext] - Refreshing org.springframework.context.support.ClassPathXmlApplicationContext@25618e91: startup date [Sat Mar 10 10:01:06 CST 2018]; root of context hierarchy
  [INFO][main][2018-03-10 10:01:06][org.springframework.beans.factory.xml.XmlBeanDefinitionReader] - Loading XML bean definitions from class path resource [spring-mybatis.xml]
  [INFO][main][2018-03-10 10:01:48][org.springframework.context.support.AbstractApplicationContext] - Refreshing org.springframework.context.support.ClassPathXmlApplicationContext@25618e91: startup date [Sat Mar 10 10:01:48 CST 2018]; root of context hierarchy
  [INFO][main][2018-03-10 10:01:48][org.springframework.beans.factory.xml.XmlBeanDefinitionReader] - Loading XML bean definitions from class path resource [spring-mybatis.xml]
  [INFO][main][2018-03-10 10:06:56][org.springframework.context.support.AbstractApplicationContext] - Refreshing org.springframework.context.support.ClassPathXmlApplicationContext@25618e91: startup date [Sat Mar 10 10:06:56 CST 2018]; root of context hierarchy
  [INFO][main][2018-03-10 10:06:56][org.springframework.beans.factory.xml.XmlBeanDefinitionReader] - Loading XML bean definitions from class path resource [spring-mybatis.xml]
  [INFO][main][2018-03-10 10:15:51][org.springframework.context.support.AbstractApplicationContext] - Refreshing org.springframework.context.support.ClassPathXmlApplicationContext@25618e91: startup date [Sat Mar 10 10:15:51 CST 2018]; root of context hierarchy
  [INFO][main][2018-03-10 10:15:51][org.springframework.beans.factory.xml.XmlBeanDefinitionReader] - Loading XML bean definitions from class path resource [spring-mybatis.xml]
  [INFO][main][2018-03-10 10:16:12][org.springframework.context.support.AbstractApplicationContext] - Refreshing org.springframework.context.support.ClassPathXmlApplicationContext@8b87145: startup date [Sat Mar 10 10:16:12 CST 2018]; root of context hierarchy
  [INFO][main][2018-03-10 10:16:12][org.springframework.beans.factory.xml.XmlBeanDefinitionReader] - Loading XML bean definitions from class path resource [spring-mybatis.xml]
  [INFO][main][2018-03-10 10:17:39][org.springframework.context.support.AbstractApplicationContext] - Refreshing org.springframework.context.support.ClassPathXmlApplicationContext@25618e91: startup date [Sat Mar 10 10:17:39 CST 2018]; root of context hierarchy
  [INFO][main][2018-03-10 10:17:40][org.springframework.beans.factory.xml.XmlBeanDefinitionReader] - Loading XML bean definitions from class path resource [spring-mybatis.xml]
  [INFO][main][2018-03-10 10:22:11][org.springframework.context.support.AbstractApplicationContext] - Refreshing org.springframework.context.support.ClassPathXmlApplicationContext@25618e91: startup date [Sat Mar 10 10:22:11 CST 2018]; root of context hierarchy
  [INFO][main][2018-03-10 10:22:11][org.springframework.beans.factory.xml.XmlBeanDefinitionReader] - Loading XML bean definitions from class path resource [spring-mybatis.xml]
  [INFO][main][2018-03-10 10:28:00][org.springframework.context.support.AbstractApplicationContext] - Refreshing org.springframework.context.support.ClassPathXmlApplicationContext@25618e91: startup date [Sat Mar 10 10:28:00 CST 2018]; root of context hierarchy
  [INFO][main][2018-03-10 10:28:00][org.springframework.beans.factory.xml.XmlBeanDefinitionReader] - Loading XML bean definitions from class path resource [spring-mybatis.xml]
  [INFO][main][2018-03-10 10:28:14][org.springframework.context.support.AbstractApplicationContext] - Refreshing org.springframework.context.support.ClassPathXmlApplicationContext@25618e91: startup date [Sat Mar 10 10:28:14 CST 2018]; root of context hierarchy
  [INFO][main][2018-03-10 10:28:15][org.springframework.beans.factory.xml.XmlBeanDefinitionReader] - Loading XML bean definitions from class path resource [spring-mybatis.xml]
  [INFO][main][2018-03-10 10:28:38][org.springframework.context.support.AbstractApplicationContext] - Refreshing org.springframework.context.support.ClassPathXmlApplicationContext@25618e91: startup date [Sat Mar 10 10:28:38 CST 2018]; root of context hierarchy
  [INFO][main][2018-03-10 10:28:38][org.springframework.beans.factory.xml.XmlBeanDefinitionReader] - Loading XML bean definitions from class path resource [spring-mybatis.xml]
  [INFO][main][2018-03-10 10:28:48][org.springframework.context.support.AbstractApplicationContext] - Refreshing org.springframework.context.support.ClassPathXmlApplicationContext@25618e91: startup date [Sat Mar 10 10:28:48 CST 2018]; root of context hierarchy
  [INFO][main][2018-03-10 10:28:48][org.springframework.beans.factory.xml.XmlBeanDefinitionReader] - Loading XML bean definitions from class path resource [spring-mybatis.xml]
  [INFO][main][2018-03-10 10:32:29][org.springframework.context.support.AbstractApplicationContext] - Refreshing org.springframework.context.support.ClassPathXmlApplicationContext@25618e91: startup date [Sat Mar 10 10:32:29 CST 2018]; root of context hierarchy
  [INFO][main][2018-03-10 10:32:29][org.springframework.beans.factory.xml.XmlBeanDefinitionReader] - Loading XML bean definitions from class path resource [spring-mybatis.xml]
  [INFO][main][2018-03-10 10:34:15][org.springframework.context.support.AbstractApplicationContext] - Refreshing org.springframework.context.support.ClassPathXmlApplicationContext@25618e91: startup date [Sat Mar 10 10:34:15 CST 2018]; root of context hierarchy
  [INFO][main][2018-03-10 10:34:15][org.springframework.beans.factory.xml.XmlBeanDefinitionReader] - Loading XML bean definitions from class path resource [spring-mybatis.xml]
  [INFO][main][2018-03-10 10:39:54][org.springframework.context.support.AbstractApplicationContext] - Refreshing org.springframework.context.support.ClassPathXmlApplicationContext@25618e91: startup date [Sat Mar 10 10:39:54 CST 2018]; root of context hierarchy
  [INFO][main][2018-03-10 10:39:54][org.springframework.beans.factory.xml.XmlBeanDefinitionReader] - Loading XML bean definitions from class path resource [spring-mybatis.xml]
  [INFO][main][2018-03-10 10:40:15][org.springframework.context.support.AbstractApplicationContext] - Refreshing org.springframework.context.support.ClassPathXmlApplicationContext@25618e91: startup date [Sat Mar 10 10:40:15 CST 2018]; root of context hierarchy
  [INFO][main][2018-03-10 10:40:15][org.springframework.beans.factory.xml.XmlBeanDefinitionReader] - Loading XML bean definitions from class path resource [spring-mybatis.xml]
  [INFO][main][2018-03-10 10:41:18][org.springframework.context.support.AbstractApplicationContext] - Refreshing org.springframework.context.support.ClassPathXmlApplicationContext@25618e91: startup date [Sat Mar 10 10:41:18 CST 2018]; root of context hierarchy
  [INFO][main][2018-03-10 10:41:19][org.springframework.beans.factory.xml.XmlBeanDefinitionReader] - Loading XML bean definitions from class path resource [spring-mybatis.xml]
  [INFO][main][2018-03-10 10:43:59][org.springframework.context.support.AbstractApplicationContext] - Refreshing org.springframework.context.support.ClassPathXmlApplicationContext@71f2a7d5: startup date [Sat Mar 10 10:43:59 CST 2018]; root of context hierarchy
  [INFO][main][2018-03-10 10:43:59][org.springframework.beans.factory.xml.XmlBeanDefinitionReader] - Loading XML bean definitions from class path resource [spring-mybatis.xml]
  [INFO][main][2018-03-10 10:48:08][org.springframework.context.support.AbstractApplicationContext] - Refreshing org.springframework.context.support.ClassPathXmlApplicationContext@71f2a7d5: startup date [Sat Mar 10 10:48:08 CST 2018]; root of context hierarchy
  [INFO][main][2018-03-10 10:48:08][org.springframework.beans.factory.xml.XmlBeanDefinitionReader] - Loading XML bean definitions from class path resource [spring-mybatis.xml]
  [INFO][main][2018-03-10 10:52:03][org.springframework.context.support.AbstractApplicationContext] - Refreshing org.springframework.context.support.ClassPathXmlApplicationContext@25618e91: startup date [Sat Mar 10 10:52:03 CST 2018]; root of context hierarchy
  [INFO][main][2018-03-10 10:52:03][org.springframework.beans.factory.xml.XmlBeanDefinitionReader] - Loading XML bean definitions from class path resource [spring-mybatis.xml]
  [INFO][main][2018-03-10 10:54:36][org.springframework.context.support.AbstractApplicationContext] - Refreshing org.springframework.context.support.ClassPathXmlApplicationContext@25618e91: startup date [Sat Mar 10 10:54:36 CST 2018]; root of context hierarchy
  [INFO][main][2018-03-10 10:54:36][org.springframework.beans.factory.xml.XmlBeanDefinitionReader] - Loading XML bean definitions from class path resource [spring-mybatis.xml]
  [INFO][main][2018-03-10 13:56:18][org.springframework.context.support.AbstractApplicationContext] - Refreshing org.springframework.context.support.ClassPathXmlApplicationContext@25618e91: startup date [Sat Mar 10 13:56:17 CST 2018]; root of context hierarchy
  [INFO][main][2018-03-10 13:56:18][org.springframework.beans.factory.xml.XmlBeanDefinitionReader] - Loading XML bean definitions from class path resource [spring-mybatis.xml]
  [INFO][main][2018-03-10 13:57:19][org.springframework.context.support.AbstractApplicationContext] - Refreshing org.springframework.context.support.ClassPathXmlApplicationContext@25618e91: startup date [Sat Mar 10 13:57:19 CST 2018]; root of context hierarchy
  [INFO][main][2018-03-10 13:57:19][org.springframework.beans.factory.xml.XmlBeanDefinitionReader] - Loading XML bean definitions from class path resource [spring-mybatis.xml]
  [INFO][main][2018-03-10 14:04:45][org.springframework.context.support.AbstractApplicationContext] - Refreshing org.springframework.context.support.ClassPathXmlApplicationContext@25618e91: startup date [Sat Mar 10 14:04:45 CST 2018]; root of context hierarchy
  [INFO][main][2018-03-10 14:04:45][org.springframework.beans.factory.xml.XmlBeanDefinitionReader] - Loading XML bean definitions from class path resource [spring-mybatis.xml]
  [INFO][main][2018-03-10 14:05:23][org.springframework.context.support.AbstractApplicationContext] - Refreshing org.springframework.context.support.ClassPathXmlApplicationContext@25618e91: startup date [Sat Mar 10 14:05:23 CST 2018]; root of context hierarchy
  [INFO][main][2018-03-10 14:05:23][org.springframework.beans.factory.xml.XmlBeanDefinitionReader] - Loading XML bean definitions from class path resource [spring-mybatis.xml]
  [INFO][main][2018-03-10 14:05:41][org.springframework.context.support.AbstractApplicationContext] - Refreshing org.springframework.context.support.ClassPathXmlApplicationContext@25618e91: startup date [Sat Mar 10 14:05:41 CST 2018]; root of context hierarchy
  [INFO][main][2018-03-10 14:05:41][org.springframework.beans.factory.xml.XmlBeanDefinitionReader] - Loading XML bean definitions from class path resource [spring-mybatis.xml]
  [INFO][main][2018-03-10 14:14:56][org.springframework.context.support.AbstractApplicationContext] - Refreshing org.springframework.context.support.ClassPathXmlApplicationContext@25618e91: startup date [Sat Mar 10 14:14:56 CST 2018]; root of context hierarchy
  [INFO][main][2018-03-10 14:14:56][org.springframework.beans.factory.xml.XmlBeanDefinitionReader] - Loading XML bean definitions from class path resource [spring-mybatis.xml]
  [INFO][main][2018-03-10 14:15:13][org.springframework.context.support.AbstractApplicationContext] - Refreshing org.springframework.context.support.ClassPathXmlApplicationContext@25618e91: startup date [Sat Mar 10 14:15:13 CST 2018]; root of context hierarchy
  [INFO][main][2018-03-10 14:15:14][org.springframework.beans.factory.xml.XmlBeanDefinitionReader] - Loading XML bean definitions from class path resource [spring-mybatis.xml]
  [INFO][main][2018-03-10 14:15:37][org.springframework.context.support.AbstractApplicationContext] - Refreshing org.springframework.context.support.ClassPathXmlApplicationContext@25618e91: startup date [Sat Mar 10 14:15:37 CST 2018]; root of context hierarchy
  [INFO][main][2018-03-10 14:15:37][org.springframework.beans.factory.xml.XmlBeanDefinitionReader] - Loading XML bean definitions from class path resource [spring-mybatis.xml]
  [INFO][main][2018-03-10 14:17:48][org.springframework.context.support.AbstractApplicationContext] - Refreshing org.springframework.context.support.ClassPathXmlApplicationContext@25618e91: startup date [Sat Mar 10 14:17:48 CST 2018]; root of context hierarchy
  [INFO][main][2018-03-10 14:17:48][org.springframework.beans.factory.xml.XmlBeanDefinitionReader] - Loading XML bean definitions from class path resource [spring-mybatis.xml]
  [INFO][main][2018-03-10 14:19:01][org.springframework.context.support.AbstractApplicationContext] - Refreshing org.springframework.context.support.ClassPathXmlApplicationContext@25618e91: startup date [Sat Mar 10 14:19:01 CST 2018]; root of context hierarchy
  [INFO][main][2018-03-10 14:19:01][org.springframework.beans.factory.xml.XmlBeanDefinitionReader] - Loading XML bean definitions from class path resource [spring-mybatis.xml]
  [INFO][main][2018-03-10 14:22:53][org.springframework.context.support.AbstractApplicationContext] - Refreshing org.springframework.context.support.ClassPathXmlApplicationContext@25618e91: startup date [Sat Mar 10 14:22:53 CST 2018]; root of context hierarchy
  [INFO][main][2018-03-10 14:22:53][org.springframework.beans.factory.xml.XmlBeanDefinitionReader] - Loading XML bean definitions from class path resource [spring-mybatis.xml]
  [INFO][main][2018-03-10 14:27:14][org.springframework.context.support.AbstractApplicationContext] - Refreshing org.springframework.context.support.ClassPathXmlApplicationContext@25618e91: startup date [Sat Mar 10 14:27:14 CST 2018]; root of context hierarchy
  [INFO][main][2018-03-10 14:27:14][org.springframework.beans.factory.xml.XmlBeanDefinitionReader] - Loading XML bean definitions from class path resource [spring-mybatis.xml]
  [INFO][main][2018-03-10 14:27:23][org.springframework.context.support.AbstractApplicationContext] - Refreshing org.springframework.context.support.ClassPathXmlApplicationContext@8b87145: startup date [Sat Mar 10 14:27:23 CST 2018]; root of context hierarchy
  [INFO][main][2018-03-10 14:27:23][org.springframework.beans.factory.xml.XmlBeanDefinitionReader] - Loading XML bean definitions from class path resource [spring-mybatis.xml]
  [INFO][main][2018-03-10 14:30:40][org.springframework.context.support.AbstractApplicationContext] - Refreshing org.springframework.context.support.ClassPathXmlApplicationContext@25618e91: startup date [Sat Mar 10 14:30:40 CST 2018]; root of context hierarchy
  [INFO][main][2018-03-10 14:30:40][org.springframework.beans.factory.xml.XmlBeanDefinitionReader] - Loading XML bean definitions from class path resource [spring-mybatis.xml]
  [INFO][main][2018-03-10 14:34:59][org.springframework.context.support.AbstractApplicationContext] - Refreshing org.springframework.context.support.ClassPathXmlApplicationContext@25618e91: startup date [Sat Mar 10 14:34:59 CST 2018]; root of context hierarchy
  [INFO][main][2018-03-10 14:34:59][org.springframework.beans.factory.xml.XmlBeanDefinitionReader] - Loading XML bean definitions from class path resource [spring-mybatis.xml]
  [INFO][main][2018-03-10 14:56:43][org.springframework.context.support.AbstractApplicationContext] - Refreshing org.springframework.context.support.ClassPathXmlApplicationContext@25618e91: startup date [Sat Mar 10 14:56:43 CST 2018]; root of context hierarchy
  [INFO][main][2018-03-10 14:56:43][org.springframework.beans.factory.xml.XmlBeanDefinitionReader] - Loading XML bean definitions from class path resource [spring-mybatis.xml]
  [INFO][main][2018-03-10 14:57:13][org.springframework.context.support.AbstractApplicationContext] - Refreshing org.springframework.context.support.ClassPathXmlApplicationContext@25618e91: startup date [Sat Mar 10 14:57:13 CST 2018]; root of context hierarchy
  [INFO][main][2018-03-10 14:57:13][org.springframework.beans.factory.xml.XmlBeanDefinitionReader] - Loading XML bean definitions from class path resource [spring-mybatis.xml]
  [INFO][main][2018-03-10 15:02:10][org.springframework.context.support.AbstractApplicationContext] - Refreshing org.springframework.context.support.ClassPathXmlApplicationContext@25618e91: startup date [Sat Mar 10 15:02:10 CST 2018]; root of context hierarchy
  [INFO][main][2018-03-10 15:02:10][org.springframework.beans.factory.xml.XmlBeanDefinitionReader] - Loading XML bean definitions from class path resource [spring-mybatis.xml]
  [INFO][main][2018-03-10 15:02:49][org.springframework.context.support.AbstractApplicationContext] - Refreshing org.springframework.context.support.ClassPathXmlApplicationContext@25618e91: startup date [Sat Mar 10 15:02:49 CST 2018]; root of context hierarchy
  [INFO][main][2018-03-10 15:02:49][org.springframework.beans.factory.xml.XmlBeanDefinitionReader] - Loading XML bean definitions from class path resource [spring-mybatis.xml]
  [INFO][main][2018-03-10 15:03:25][org.springframework.context.support.AbstractApplicationContext] - Refreshing org.springframework.context.support.ClassPathXmlApplicationContext@25618e91: startup date [Sat Mar 10 15:03:25 CST 2018]; root of context hierarchy
  [INFO][main][2018-03-10 15:03:25][org.springframework.beans.factory.xml.XmlBeanDefinitionReader] - Loading XML bean definitions from class path resource [spring-mybatis.xml]
  [INFO][main][2018-03-10 15:03:56][org.springframework.context.support.AbstractApplicationContext] - Refreshing org.springframework.context.support.ClassPathXmlApplicationContext@25618e91: startup date [Sat Mar 10 15:03:56 CST 2018]; root of context hierarchy
  [INFO][main][2018-03-10 15:03:56][org.springframework.beans.factory.xml.XmlBeanDefinitionReader] - Loading XML bean definitions from class path resource [spring-mybatis.xml]
  [INFO][main][2018-03-10 15:04:50][org.springframework.context.support.AbstractApplicationContext] - Refreshing org.springframework.context.support.ClassPathXmlApplicationContext@25618e91: startup date [Sat Mar 10 15:04:50 CST 2018]; root of context hierarchy
  [INFO][main][2018-03-10 15:04:50][org.springframework.beans.factory.xml.XmlBeanDefinitionReader] - Loading XML bean definitions from class path resource [spring-mybatis.xml]
  [INFO][main][2018-03-10 15:05:14][org.springframework.context.support.AbstractApplicationContext] - Refreshing org.springframework.context.support.ClassPathXmlApplicationContext@25618e91: startup date [Sat Mar 10 15:05:14 CST 2018]; root of context hierarchy
  [INFO][main][2018-03-10 15:05:14][org.springframework.beans.factory.xml.XmlBeanDefinitionReader] - Loading XML bean definitions from class path resource [spring-mybatis.xml]
  [INFO][main][2018-03-10 15:05:46][org.springframework.context.support.AbstractApplicationContext] - Refreshing org.springframework.context.support.ClassPathXmlApplicationContext@25618e91: startup date [Sat Mar 10 15:05:46 CST 2018]; root of context hierarchy
  [INFO][main][2018-03-10 15:05:46][org.springframework.beans.factory.xml.XmlBeanDefinitionReader] - Loading XML bean definitions from class path resource [spring-mybatis.xml]
  [INFO][main][2018-03-10 15:05:55][org.springframework.context.support.AbstractApplicationContext] - Refreshing org.springframework.context.support.ClassPathXmlApplicationContext@25618e91: startup date [Sat Mar 10 15:05:55 CST 2018]; root of context hierarchy
  [INFO][main][2018-03-10 15:05:55][org.springframework.beans.factory.xml.XmlBeanDefinitionReader] - Loading XML bean definitions from class path resource [spring-mybatis.xml]
  [INFO][main][2018-03-10 15:07:42][org.springframework.context.support.AbstractApplicationContext] - Refreshing org.springframework.context.support.ClassPathXmlApplicationContext@8b87145: startup date [Sat Mar 10 15:07:42 CST 2018]; root of context hierarchy
  [INFO][main][2018-03-10 15:07:42][org.springframework.beans.factory.xml.XmlBeanDefinitionReader] - Loading XML bean definitions from class path resource [spring-mybatis.xml]
  [INFO][main][2018-03-10 15:07:50][org.springframework.context.support.AbstractApplicationContext] - Refreshing org.springframework.context.support.ClassPathXmlApplicationContext@25618e91: startup date [Sat Mar 10 15:07:50 CST 2018]; root of context hierarchy
  [INFO][main][2018-03-10 15:07:51][org.springframework.beans.factory.xml.XmlBeanDefinitionReader] - Loading XML bean definitions from class path resource [spring-mybatis.xml]
  [INFO][main][2018-03-10 15:11:45][org.springframework.context.support.AbstractApplicationContext] - Refreshing org.springframework.context.support.ClassPathXmlApplicationContext@25618e91: startup date [Sat Mar 10 15:11:45 CST 2018]; root of context hierarchy
  [INFO][main][2018-03-10 15:11:45][org.springframework.beans.factory.xml.XmlBeanDefinitionReader] - Loading XML bean definitions from class path resource [spring-mybatis.xml]
  [INFO][main][2018-03-10 15:12:09][org.springframework.context.support.AbstractApplicationContext] - Refreshing org.springframework.context.support.ClassPathXmlApplicationContext@25618e91: startup date [Sat Mar 10 15:12:09 CST 2018]; root of context hierarchy
  [INFO][main][2018-03-10 15:12:09][org.springframework.beans.factory.xml.XmlBeanDefinitionReader] - Loading XML bean definitions from class path resource [spring-mybatis.xml]
  [INFO][main][2018-03-10 15:13:07][org.springframework.context.support.AbstractApplicationContext] - Refreshing org.springframework.context.support.ClassPathXmlApplicationContext@25618e91: startup date [Sat Mar 10 15:13:07 CST 2018]; root of context hierarchy
  [INFO][main][2018-03-10 15:13:07][org.springframework.beans.factory.xml.XmlBeanDefinitionReader] - Loading XML bean definitions from class path resource [spring-mybatis.xml]
  [INFO][main][2018-03-11 10:05:14][org.springframework.context.support.AbstractApplicationContext] - Refreshing org.springframework.context.support.ClassPathXmlApplicationContext@25618e91: startup date [Sun Mar 11 10:05:14 CST 2018]; root of context hierarchy
  [INFO][main][2018-03-11 10:05:14][org.springframework.beans.factory.xml.XmlBeanDefinitionReader] - Loading XML bean definitions from class path resource [config/spring-mybatis.xml]
  [INFO][main][2018-03-11 10:07:07][org.springframework.context.support.AbstractApplicationContext] - Refreshing org.springframework.context.support.ClassPathXmlApplicationContext@25618e91: startup date [Sun Mar 11 10:07:07 CST 2018]; root of context hierarchy
  [INFO][main][2018-03-11 10:07:07][org.springframework.beans.factory.xml.XmlBeanDefinitionReader] - Loading XML bean definitions from class path resource [config/spring-mybatis.xml]
  [INFO][main][2018-03-11 10:07:28][org.springframework.context.support.AbstractApplicationContext] - Refreshing org.springframework.context.support.ClassPathXmlApplicationContext@25618e91: startup date [Sun Mar 11 10:07:28 CST 2018]; root of context hierarchy
  [INFO][main][2018-03-11 10:07:29][org.springframework.beans.factory.xml.XmlBeanDefinitionReader] - Loading XML bean definitions from class path resource [config/spring-mybatis.xml]
  [INFO][main][2018-03-11 10:12:53][org.springframework.context.support.AbstractApplicationContext] - Refreshing org.springframework.context.support.ClassPathXmlApplicationContext@25618e91: startup date [Sun Mar 11 10:12:53 CST 2018]; root of context hierarchy
  [INFO][main][2018-03-11 10:12:53][org.springframework.beans.factory.xml.XmlBeanDefinitionReader] - Loading XML bean definitions from class path resource [config/spring-mybatis.xml]
  [INFO][main][2018-03-11 10:58:50][org.springframework.context.support.AbstractApplicationContext] - Refreshing org.springframework.context.support.ClassPathXmlApplicationContext@4b6995df: startup date [Sun Mar 11 10:58:50 CST 2018]; root of context hierarchy
  [INFO][main][2018-03-11 10:58:50][org.springframework.beans.factory.xml.XmlBeanDefinitionReader] - Loading XML bean definitions from class path resource [config/spring-mybatis.xml]
  [INFO][main][2018-03-11 10:59:50][org.springframework.context.support.AbstractApplicationContext] - Refreshing org.springframework.context.support.ClassPathXmlApplicationContext@4b6995df: startup date [Sun Mar 11 10:59:50 CST 2018]; root of context hierarchy
  [INFO][main][2018-03-11 10:59:50][org.springframework.beans.factory.xml.XmlBeanDefinitionReader] - Loading XML bean definitions from class path resource [config/spring-mybatis.xml]
  [INFO][main][2018-03-11 11:00:38][org.springframework.context.support.AbstractApplicationContext] - Refreshing org.springframework.context.support.ClassPathXmlApplicationContext@4b6995df: startup date [Sun Mar 11 11:00:38 CST 2018]; root of context hierarchy
  [INFO][main][2018-03-11 11:00:38][org.springframework.beans.factory.xml.XmlBeanDefinitionReader] - Loading XML bean definitions from class path resource [config/spring-mybatis.xml]
  [INFO][main][2018-03-11 11:08:06][org.springframework.context.support.AbstractApplicationContext] - Refreshing org.springframework.context.support.ClassPathXmlApplicationContext@4b6995df: startup date [Sun Mar 11 11:08:06 CST 2018]; root of context hierarchy
  [INFO][main][2018-03-11 11:08:06][org.springframework.beans.factory.xml.XmlBeanDefinitionReader] - Loading XML bean definitions from class path resource [config/spring-mybatis.xml]
  [INFO][main][2018-03-11 11:08:14][org.springframework.context.support.AbstractApplicationContext] - Refreshing org.springframework.context.support.ClassPathXmlApplicationContext@4b6995df: startup date [Sun Mar 11 11:08:14 CST 2018]; root of context hierarchy
  [INFO][main][2018-03-11 11:08:14][org.springframework.beans.factory.xml.XmlBeanDefinitionReader] - Loading XML bean definitions from class path resource [config/spring-mybatis.xml]
  [INFO][main][2018-03-11 11:09:13][org.springframework.context.support.AbstractApplicationContext] - Refreshing org.springframework.context.support.ClassPathXmlApplicationContext@4b6995df: startup date [Sun Mar 11 11:09:13 CST 2018]; root of context hierarchy
  [INFO][main][2018-03-11 11:09:13][org.springframework.beans.factory.xml.XmlBeanDefinitionReader] - Loading XML bean definitions from class path resource [config/spring-mybatis.xml]
  [INFO][main][2018-03-11 11:09:45][org.springframework.context.support.AbstractApplicationContext] - Refreshing org.springframework.context.support.ClassPathXmlApplicationContext@4b6995df: startup date [Sun Mar 11 11:09:45 CST 2018]; root of context hierarchy
  [INFO][main][2018-03-11 11:09:45][org.springframework.beans.factory.xml.XmlBeanDefinitionReader] - Loading XML bean definitions from class path resource [config/spring-mybatis.xml]
  [INFO][main][2018-03-11 11:10:05][org.springframework.context.support.AbstractApplicationContext] - Refreshing org.springframework.context.support.ClassPathXmlApplicationContext@4b6995df: startup date [Sun Mar 11 11:10:05 CST 2018]; root of context hierarchy
  [INFO][main][2018-03-11 11:10:05][org.springframework.beans.factory.xml.XmlBeanDefinitionReader] - Loading XML bean definitions from class path resource [config/spring-mybatis.xml]
  [WARN][main][2018-03-11 11:10:05][org.springframework.context.support.AbstractApplicationContext] - Exception encountered during context initialization - cancelling refresh attempt: org.springframework.beans.factory.BeanCreationException: Error creating bean with name 'sqlSessionFactory' defined in class path resource [config/spring-mybatis.xml]: Invocation of init method failed; nested exception is org.springframework.core.NestedIOException: Failed to parse mapping resource: 'file [E:\Class\SSM\IDEA\SSMTest\target\classes\mapping\StudentDao.xml]'; nested exception is org.apache.ibatis.builder.BuilderException: Error parsing Mapper XML. Cause: org.apache.ibatis.builder.BuilderException: Error resolving class. Cause: org.apache.ibatis.type.TypeException: Could not resolve type alias 'Student'.  Cause: java.lang.ClassNotFoundException: Cannot find class: Student
  [INFO][main][2018-03-11 14:02:17][org.springframework.context.support.AbstractApplicationContext] - Refreshing org.springframework.context.support.ClassPathXmlApplicationContext@25618e91: startup date [Sun Mar 11 14:02:17 CST 2018]; root of context hierarchy
  [INFO][main][2018-03-11 14:02:17][org.springframework.beans.factory.xml.XmlBeanDefinitionReader] - Loading XML bean definitions from class path resource [config/spring-mybatis.xml]
  